<?xml version="1.0" encoding="UTF-8"?>
<!-- Generated by org.testng.reporters.JUnitReportReporter -->
<testsuite hostname="BJYF-XUXIAOJ" name="com.jd.pop.test.qa.PersonTest" tests="1" failures="0" timestamp="20 Sep 2016 15:58:34 GMT" time="0.030" errors="0">
  <testcase name="test2" time="0.030" classname="com.jd.pop.test.qa.PersonTest"/>
</testsuite> <!-- com.jd.pop.test.qa.PersonTest -->
